<?xml version="1.0" encoding="UTF-8"?>
<testsuite xmlns:xsi="http://www.w3.org/2001/XMLSchema-instance" xsi:noNamespaceSchemaLocation="https://maven.apache.org/surefire/maven-surefire-plugin/xsd/surefire-test-report-3.0.xsd" version="3.0" name="com.example.AppTest" time="0.022" tests="1" errors="0" skipped="0" failures="0">
  <properties>
    <property name="java.specification.version" value="24"/>
    <property name="sun.jnu.encoding" value="UTF-8"/>
    <property name="java.class.path" value="/Users/and___young/Desktop/kt/kt_spring/Spring_day3_김나영/SimpleBookStore/target/test-classes:/Users/and___young/Desktop/kt/kt_spring/Spring_day3_김나영/SimpleBookStore/target/classes:/Users/and___young/.m2/repository/org/springframework/spring-webmvc/5.2.25.RELEASE/spring-webmvc-5.2.25.RELEASE.jar:/Users/and___young/.m2/repository/org/springframework/spring-aop/5.2.25.RELEASE/spring-aop-5.2.25.RELEASE.jar:/Users/and___young/.m2/repository/org/springframework/spring-beans/5.2.25.RELEASE/spring-beans-5.2.25.RELEASE.jar:/Users/and___young/.m2/repository/org/springframework/spring-context/5.2.25.RELEASE/spring-context-5.2.25.RELEASE.jar:/Users/and___young/.m2/repository/org/springframework/spring-core/5.2.25.RELEASE/spring-core-5.2.25.RELEASE.jar:/Users/and___young/.m2/repository/org/springframework/spring-jcl/5.2.25.RELEASE/spring-jcl-5.2.25.RELEASE.jar:/Users/and___young/.m2/repository/org/springframework/spring-expression/5.2.25.RELEASE/spring-expression-5.2.25.RELEASE.jar:/Users/and___young/.m2/repository/org/springframework/spring-web/5.2.25.RELEASE/spring-web-5.2.25.RELEASE.jar:/Users/and___young/.m2/repository/org/thymeleaf/thymeleaf-spring5/3.0.15.RELEASE/thymeleaf-spring5-3.0.15.RELEASE.jar:/Users/and___young/.m2/repository/org/thymeleaf/thymeleaf/3.0.15.RELEASE/thymeleaf-3.0.15.RELEASE.jar:/Users/and___young/.m2/repository/org/attoparser/attoparser/2.0.5.RELEASE/attoparser-2.0.5.RELEASE.jar:/Users/and___young/.m2/repository/org/unbescape/unbescape/1.1.6.RELEASE/unbescape-1.1.6.RELEASE.jar:/Users/and___young/.m2/repository/org/slf4j/slf4j-api/1.7.25/slf4j-api-1.7.25.jar:/Users/and___young/.m2/repository/javax/servlet/javax.servlet-api/3.1.0/javax.servlet-api-3.1.0.jar:/Users/and___young/.m2/repository/junit/junit/4.13.2/junit-4.13.2.jar:/Users/and___young/.m2/repository/org/hamcrest/hamcrest-core/1.3/hamcrest-core-1.3.jar:"/>
    <property name="java.vm.vendor" value="Homebrew"/>
    <property name="sun.arch.data.model" value="64"/>
    <property name="java.vendor.url" value="https://github.com/Homebrew/homebrew-core/issues"/>
    <property name="os.name" value="Mac OS X"/>
    <property name="java.vm.specification.version" value="24"/>
    <property name="sun.java.launcher" value="SUN_STANDARD"/>
    <property name="user.country" value="KR"/>
    <property name="sun.boot.library.path" value="/opt/homebrew/Cellar/openjdk/24.0.2/libexec/openjdk.jdk/Contents/Home/lib"/>
    <property name="sun.java.command" value="/Users/and___young/Desktop/kt/kt_spring/Spring_day3_김나영/SimpleBookStore/target/surefire/surefirebooter-20250806112008199_3.jar /Users/and___young/Desktop/kt/kt_spring/Spring_day3_김나영/SimpleBookStore/target/surefire 2025-08-06T11-20-08_139-jvmRun1 surefire-20250806112008199_1tmp surefire_0-20250806112008199_2tmp"/>
    <property name="http.nonProxyHosts" value="local|*.local|169.254/16|*.169.254/16|127.0.0.1:21300|*.127.0.0.1:21300"/>
    <property name="jdk.debug" value="release"/>
    <property name="surefire.test.class.path" value="/Users/and___young/Desktop/kt/kt_spring/Spring_day3_김나영/SimpleBookStore/target/test-classes:/Users/and___young/Desktop/kt/kt_spring/Spring_day3_김나영/SimpleBookStore/target/classes:/Users/and___young/.m2/repository/org/springframework/spring-webmvc/5.2.25.RELEASE/spring-webmvc-5.2.25.RELEASE.jar:/Users/and___young/.m2/repository/org/springframework/spring-aop/5.2.25.RELEASE/spring-aop-5.2.25.RELEASE.jar:/Users/and___young/.m2/repository/org/springframework/spring-beans/5.2.25.RELEASE/spring-beans-5.2.25.RELEASE.jar:/Users/and___young/.m2/repository/org/springframework/spring-context/5.2.25.RELEASE/spring-context-5.2.25.RELEASE.jar:/Users/and___young/.m2/repository/org/springframework/spring-core/5.2.25.RELEASE/spring-core-5.2.25.RELEASE.jar:/Users/and___young/.m2/repository/org/springframework/spring-jcl/5.2.25.RELEASE/spring-jcl-5.2.25.RELEASE.jar:/Users/and___young/.m2/repository/org/springframework/spring-expression/5.2.25.RELEASE/spring-expression-5.2.25.RELEASE.jar:/Users/and___young/.m2/repository/org/springframework/spring-web/5.2.25.RELEASE/spring-web-5.2.25.RELEASE.jar:/Users/and___young/.m2/repository/org/thymeleaf/thymeleaf-spring5/3.0.15.RELEASE/thymeleaf-spring5-3.0.15.RELEASE.jar:/Users/and___young/.m2/repository/org/thymeleaf/thymeleaf/3.0.15.RELEASE/thymeleaf-3.0.15.RELEASE.jar:/Users/and___young/.m2/repository/org/attoparser/attoparser/2.0.5.RELEASE/attoparser-2.0.5.RELEASE.jar:/Users/and___young/.m2/repository/org/unbescape/unbescape/1.1.6.RELEASE/unbescape-1.1.6.RELEASE.jar:/Users/and___young/.m2/repository/org/slf4j/slf4j-api/1.7.25/slf4j-api-1.7.25.jar:/Users/and___young/.m2/repository/javax/servlet/javax.servlet-api/3.1.0/javax.servlet-api-3.1.0.jar:/Users/and___young/.m2/repository/junit/junit/4.13.2/junit-4.13.2.jar:/Users/and___young/.m2/repository/org/hamcrest/hamcrest-core/1.3/hamcrest-core-1.3.jar:"/>
    <property name="sun.cpu.endian" value="little"/>
    <property name="user.home" value="/Users/and___young"/>
    <property name="user.language" value="ko"/>
    <property name="java.specification.vendor" value="Oracle Corporation"/>
    <property name="java.version.date" value="2025-07-15"/>
    <property name="java.home" value="/opt/homebrew/Cellar/openjdk/24.0.2/libexec/openjdk.jdk/Contents/Home"/>
    <property name="file.separator" value="/"/>
    <property name="basedir" value="/Users/and___young/Desktop/kt/kt_spring/Spring_day3_김나영/SimpleBookStore"/>
    <property name="java.vm.compressedOopsMode" value="Zero based"/>
    <property name="line.separator" value="&#10;"/>
    <property name="java.vm.specification.vendor" value="Oracle Corporation"/>
    <property name="java.specification.name" value="Java Platform API Specification"/>
    <property name="apple.awt.application.name" value="ForkedBooter"/>
    <property name="surefire.real.class.path" value="/Users/and___young/Desktop/kt/kt_spring/Spring_day3_김나영/SimpleBookStore/target/surefire/surefirebooter-20250806112008199_3.jar"/>
    <property name="sun.management.compiler" value="HotSpot 64-Bit Tiered Compilers"/>
    <property name="ftp.nonProxyHosts" value="local|*.local|169.254/16|*.169.254/16|127.0.0.1:21300|*.127.0.0.1:21300"/>
    <property name="java.runtime.version" value="24.0.2"/>
    <property name="user.name" value="and___young"/>
    <property name="stdout.encoding" value="UTF-8"/>
    <property name="path.separator" value=":"/>
    <property name="os.version" value="15.0"/>
    <property name="java.runtime.name" value="OpenJDK Runtime Environment"/>
    <property name="file.encoding" value="UTF-8"/>
    <property name="java.vm.name" value="OpenJDK 64-Bit Server VM"/>
    <property name="java.vendor.version" value="Homebrew"/>
    <property name="localRepository" value="/Users/and___young/.m2/repository"/>
    <property name="java.vendor.url.bug" value="https://github.com/Homebrew/homebrew-core/issues"/>
    <property name="java.io.tmpdir" value="/var/folders/4p/kqk9nd_51cd1t2bqc3l1fyjr0000gn/T/"/>
    <property name="java.version" value="24.0.2"/>
    <property name="user.dir" value="/Users/and___young/Desktop/kt/kt_spring/Spring_day3_김나영/SimpleBookStore"/>
    <property name="os.arch" value="aarch64"/>
    <property name="java.vm.specification.name" value="Java Virtual Machine Specification"/>
    <property name="native.encoding" value="UTF-8"/>
    <property name="java.library.path" value="/Users/and___young/Library/Java/Extensions:/Library/Java/Extensions:/Network/Library/Java/Extensions:/System/Library/Java/Extensions:/usr/lib/java:."/>
    <property name="java.vm.info" value="mixed mode, sharing"/>
    <property name="stderr.encoding" value="UTF-8"/>
    <property name="java.vendor" value="Homebrew"/>
    <property name="java.vm.version" value="24.0.2"/>
    <property name="sun.io.unicode.encoding" value="UnicodeBig"/>
    <property name="socksNonProxyHosts" value="local|*.local|169.254/16|*.169.254/16|127.0.0.1:21300|*.127.0.0.1:21300"/>
    <property name="java.class.version" value="68.0"/>
  </properties>
  <testcase name="testApp" classname="com.example.AppTest" time="0.002"/>
</testsuite>